<?xml version="1.0" encoding="UTF-8"?>
<testng-results skipped="0" failed="0" ignored="0" total="1" passed="1">
  <reporter-output>
  </reporter-output>
  <suite name="Suite" duration-ms="6222" started-at="2019-03-24T13:35:14Z" finished-at="2019-03-24T13:35:20Z">
    <groups>
      <group name="cucumber">
        <method signature="AbstractTestNGCucumberTests.feature(cucumber.api.testng.CucumberFeatureWrapper)[pri:0, instance:cucumberOptions.TestRunner@5bcab519]" name="feature" class="cucumber.api.testng.AbstractTestNGCucumberTests"/>
      </group> <!-- cucumber -->
    </groups>
    <test name="SomeFeature" duration-ms="6222" started-at="2019-03-24T13:35:14Z" finished-at="2019-03-24T13:35:20Z">
      <class name="cucumberOptions.TestRunner">
        <test-method status="PASS" signature="setUpClass()[pri:0, instance:cucumberOptions.TestRunner@5bcab519]" name="setUpClass" is-config="true" duration-ms="216" started-at="2019-03-24T14:35:14Z" finished-at="2019-03-24T14:35:14Z">
          <reporter-output>
          </reporter-output>
        </test-method> <!-- setUpClass -->
        <test-method status="PASS" signature="feature(cucumber.api.testng.CucumberFeatureWrapper)[pri:0, instance:cucumberOptions.TestRunner@5bcab519]" name="feature" duration-ms="5918" started-at="2019-03-24T14:35:15Z" description="Runs Cucumber Feature" data-provider="features" finished-at="2019-03-24T14:35:20Z">
          <params>
            <param index="0">
              <value>
                <![CDATA[bla bla blas]]>
              </value>
            </param>
          </params>
          <reporter-output>
          </reporter-output>
        </test-method> <!-- feature -->
        <test-method status="PASS" signature="tearDownClass()[pri:0, instance:cucumberOptions.TestRunner@5bcab519]" name="tearDownClass" is-config="true" duration-ms="3" started-at="2019-03-24T14:35:20Z" finished-at="2019-03-24T14:35:20Z">
          <reporter-output>
          </reporter-output>
        </test-method> <!-- tearDownClass -->
      </class> <!-- cucumberOptions.TestRunner -->
    </test> <!-- SomeFeature -->
  </suite> <!-- Suite -->
</testng-results>
